2025-10-08T23:31:10.804+05:30  INFO 2096 --- [SupplyChainApp] [main] o.e.s.SupplyChainAppApplication          : Starting SupplyChainAppApplication using Java 24.0.1 with PID 2096 (/Users/sankarmani/Documents/ThisIsMyProject/SpringBootApp/SupplyChainApp/target/classes started by sankarmani in /Users/sankarmani/Documents/ThisIsMyProject/SpringBootApp/SupplyChainApp)
2025-10-08T23:31:10.808+05:30  INFO 2096 --- [SupplyChainApp] [main] o.e.s.SupplyChainAppApplication          : No active profile set, falling back to 1 default profile: "default"
2025-10-08T23:31:11.132+05:30  INFO 2096 --- [SupplyChainApp] [main] o.s.b.w.embedded.tomcat.TomcatWebServer  : Tomcat initialized with port 8080 (http)
2025-10-08T23:31:11.137+05:30  INFO 2096 --- [SupplyChainApp] [main] o.apache.catalina.core.StandardService   : Starting service [Tomcat]
2025-10-08T23:31:11.138+05:30  INFO 2096 --- [SupplyChainApp] [main] o.apache.catalina.core.StandardEngine    : Starting Servlet engine: [Apache Tomcat/10.1.30]
2025-10-08T23:31:11.161+05:30  INFO 2096 --- [SupplyChainApp] [main] o.a.c.c.C.[Tomcat].[localhost].[/]       : Initializing Spring embedded WebApplicationContext
2025-10-08T23:31:11.161+05:30  INFO 2096 --- [SupplyChainApp] [main] w.s.c.ServletWebServerApplicationContext : Root WebApplicationContext: initialization completed in 335 ms
2025-10-08T23:31:11.302+05:30  WARN 2096 --- [SupplyChainApp] [main] o.hyperledger.fabric.sdk.helper.Config   : Failed to load any configuration from: config.properties. Using toolkit defaults
2025-10-08T23:31:12.538+05:30  INFO 2096 --- [SupplyChainApp] [main] org.hyperledger.fabric.sdk.Channel       : Channel Channel{id: 1, name: supplychainchannel} eventThread started shutdown: false  thread: null 
2025-10-08T23:31:12.655+05:30  INFO 2096 --- [SupplyChainApp] [main] o.s.b.w.embedded.tomcat.TomcatWebServer  : Tomcat started on port 8080 (http) with context path '/'
2025-10-08T23:31:12.659+05:30  INFO 2096 --- [SupplyChainApp] [main] o.e.s.SupplyChainAppApplication          : Started SupplyChainAppApplication in 2.036 seconds (process running for 2.339)
2025-10-08T23:31:16.455+05:30  WARN 2096 --- [SupplyChainApp] [OkHttp http://localhost:4317/...] i.o.exporter.internal.grpc.GrpcExporter  : Failed to export spans. Server responded with gRPC status code 2. Error message: Failed to connect to localhost/[0:0:0:0:0:0:0:1]:4317
2025-10-08T23:31:39.948+05:30  INFO 2096 --- [SupplyChainApp] [http-nio-8080-exec-2] o.a.c.c.C.[Tomcat].[localhost].[/]       : Initializing Spring DispatcherServlet 'dispatcherServlet'
2025-10-08T23:31:39.948+05:30  INFO 2096 --- [SupplyChainApp] [http-nio-8080-exec-2] o.s.web.servlet.DispatcherServlet        : Initializing Servlet 'dispatcherServlet'
2025-10-08T23:31:39.949+05:30  INFO 2096 --- [SupplyChainApp] [http-nio-8080-exec-2] o.s.web.servlet.DispatcherServlet        : Completed initialization in 1 ms
2025-10-08T23:31:39.971+05:30  INFO 2096 --- [SupplyChainApp] [http-nio-8080-exec-2] o.e.s.SupplyChainController              : Received request to query product: id=1
2025-10-08T23:31:39.972+05:30  INFO 2096 --- [SupplyChainApp] [http-nio-8080-exec-2] o.e.s.service.FabricService              : Service: Reading product with id=1
2025-10-08T23:31:40.001+05:30  INFO 2096 --- [SupplyChainApp] [http-nio-8080-exec-2] o.e.s.service.FabricService              : Service: Product details fetched: id=1
2025-10-08T23:31:41.473+05:30  WARN 2096 --- [SupplyChainApp] [OkHttp http://localhost:4317/...] i.o.exporter.internal.grpc.GrpcExporter  : Failed to export spans. Server responded with gRPC status code 2. Error message: Failed to connect to localhost/[0:0:0:0:0:0:0:1]:4317
2025-10-08T23:32:11.440+05:30  WARN 2096 --- [SupplyChainApp] [OkHttp http://localhost:4317/...] i.o.exporter.internal.grpc.GrpcExporter  : Failed to export metrics. Server responded with gRPC status code 2. Error message: Failed to connect to localhost/[0:0:0:0:0:0:0:1]:4317
2025-10-08T23:33:09.845+05:30  WARN 2096 --- [SupplyChainApp] [http-nio-8080-exec-5] .w.s.m.s.DefaultHandlerExceptionResolver : Resolved [org.springframework.web.HttpRequestMethodNotSupportedException: Request method 'GET' is not supported]
2025-10-08T23:33:11.420+05:30  WARN 2096 --- [SupplyChainApp] [OkHttp http://localhost:4317/...] i.o.exporter.internal.grpc.GrpcExporter  : Failed to export metrics. Server responded with gRPC status code 2. Error message: Failed to connect to localhost/[0:0:0:0:0:0:0:1]:4317
2025-10-08T23:33:46.343+05:30  INFO 2096 --- [SupplyChainApp] [http-nio-8080-exec-6] o.e.s.SupplyChainController              : Received request to query Audit Log for Product id= 1
2025-10-08T23:33:46.343+05:30  INFO 2096 --- [SupplyChainApp] [http-nio-8080-exec-6] o.e.s.service.FabricService              : Service: Reading Log with product id=1
2025-10-08T23:33:46.373+05:30  INFO 2096 --- [SupplyChainApp] [http-nio-8080-exec-6] o.e.s.service.FabricService              : Service: Log details fetched for product id=1
2025-10-08T23:33:46.555+05:30  WARN 2096 --- [SupplyChainApp] [OkHttp http://localhost:4317/...] i.o.exporter.internal.grpc.GrpcExporter  : Failed to export spans. Server responded with gRPC status code 2. Error message: Failed to connect to localhost/[0:0:0:0:0:0:0:1]:4317
2025-10-08T23:34:11.418+05:30  WARN 2096 --- [SupplyChainApp] [OkHttp http://localhost:4317/...] i.o.exporter.internal.grpc.GrpcExporter  : Failed to export metrics. Server responded with gRPC status code 2. Error message: Failed to connect to localhost/[0:0:0:0:0:0:0:1]:4317
2025-10-08T23:35:11.420+05:30  WARN 2096 --- [SupplyChainApp] [OkHttp http://localhost:4317/...] i.o.exporter.internal.grpc.GrpcExporter  : Failed to export metrics. Server responded with gRPC status code 2. Error message: Failed to connect to localhost/[0:0:0:0:0:0:0:1]:4317
2025-10-08T23:35:35.478+05:30  INFO 2096 --- [SupplyChainApp] [pool-7-thread-1] org.hyperledger.fabric.sdk.Channel       : Channel supplychainchannel eventThread shutting down. shutdown: true  thread: pool-7-thread-1 
